# JRE version: Java(TM) SE Runtime Environment (8.0_131-b11) (build 1.8.0_131-b11)
# Java VM: Java HotSpot(TM) 64-Bit Server VM (25.131-b11 mixed mode windows-amd64 compressed oops)
Heap:
 PSYoungGen      total 53248K, used 43184K [0x00000000e0900000, 0x00000000e4100000, 0x0000000100000000)
  eden space 49152K, 79% used [0x00000000e0900000,0x00000000e2f30518,0x00000000e3900000)
  from space 4096K, 99% used [0x00000000e3d00000,0x00000000e40fbc08,0x00000000e4100000)
  to   space 4096K, 0% used [0x00000000e3900000,0x00000000e3900000,0x00000000e3d00000)
 ParOldGen       total 65536K, used 3435K [0x00000000a1a00000, 0x00000000a5a00000, 0x00000000e0900000)
  object space 65536K, 5% used [0x00000000a1a00000,0x00000000a1d5ada0,0x00000000a5a00000)
 Metaspace       used 19537K, capacity 19816K, committed 19968K, reserved 1067008K
  class space    used 2421K, capacity 2504K, committed 2560K, reserved 1048576K
GC Heap History (8 events):
Event: 3.108 GC heap before
{Heap before GC invocations=1 (full 0):
 PSYoungGen      total 28672K, used 24576K [0x00000000e0900000, 0x00000000e2900000, 0x0000000100000000)
  eden space 24576K, 100% used [0x00000000e0900000,0x00000000e2100000,0x00000000e2100000)
  from space 4096K, 0% used [0x00000000e2500000,0x00000000e2500000,0x00000000e2900000)
  to   space 4096K, 0% used [0x00000000e2100000,0x00000000e2100000,0x00000000e2500000)
 ParOldGen       total 65536K, used 0K [0x00000000a1a00000, 0x00000000a5a00000, 0x00000000e0900000)
  object space 65536K, 0% used [0x00000000a1a00000,0x00000000a1a00000,0x00000000a5a00000)
 Metaspace       used 10252K, capacity 10432K, committed 10624K, reserved 1058816K
  class space    used 1252K, capacity 1322K, committed 1408K, reserved 1048576K
Event: 3.128 GC heap after
Heap after GC invocations=1 (full 0):
 PSYoungGen      total 28672K, used 4001K [0x00000000e0900000, 0x00000000e2900000, 0x0000000100000000)
  eden space 24576K, 0% used [0x00000000e0900000,0x00000000e0900000,0x00000000e2100000)
  from space 4096K, 97% used [0x00000000e2100000,0x00000000e24e8520,0x00000000e2500000)
  to   space 4096K, 0% used [0x00000000e2500000,0x00000000e2500000,0x00000000e2900000)
 ParOldGen       total 65536K, used 16K [0x00000000a1a00000, 0x00000000a5a00000, 0x00000000e0900000)
  object space 65536K, 0% used [0x00000000a1a00000,0x00000000a1a04000,0x00000000a5a00000)
 Metaspace       used 10252K, capacity 10432K, committed 10624K, reserved 1058816K
  class space    used 1252K, capacity 1322K, committed 1408K, reserved 1048576K
}
Event: 3.384 GC heap before
{Heap before GC invocations=2 (full 0):
 PSYoungGen      total 28672K, used 28577K [0x00000000e0900000, 0x00000000e2900000, 0x0000000100000000)
  eden space 24576K, 100% used [0x00000000e0900000,0x00000000e2100000,0x00000000e2100000)
  from space 4096K, 97% used [0x00000000e2100000,0x00000000e24e8520,0x00000000e2500000)
  to   space 4096K, 0% used [0x00000000e2500000,0x00000000e2500000,0x00000000e2900000)
 ParOldGen       total 65536K, used 16K [0x00000000a1a00000, 0x00000000a5a00000, 0x00000000e0900000)
  object space 65536K, 0% used [0x00000000a1a00000,0x00000000a1a04000,0x00000000a5a00000)
 Metaspace       used 10433K, capacity 10666K, committed 10880K, reserved 1058816K
  class space    used 1275K, capacity 1356K, committed 1408K, reserved 1048576K
Event: 3.557 GC heap after
Heap after GC invocations=2 (full 0):
 PSYoungGen      total 28672K, used 3008K [0x00000000e0900000, 0x00000000e4100000, 0x0000000100000000)
  eden space 24576K, 0% used [0x00000000e0900000,0x00000000e0900000,0x00000000e2100000)
  from space 4096K, 73% used [0x00000000e2500000,0x00000000e27f0110,0x00000000e2900000)
  to   space 4096K, 0% used [0x00000000e2100000,0x00000000e2100000,0x00000000e2500000)
 ParOldGen       total 65536K, used 24K [0x00000000a1a00000, 0x00000000a5a00000, 0x00000000e0900000)
  object space 65536K, 0% used [0x00000000a1a00000,0x00000000a1a06000,0x00000000a5a00000)
 Metaspace       used 10433K, capacity 10666K, committed 10880K, reserved 1058816K
  class space    used 1275K, capacity 1356K, committed 1408K, reserved 1048576K
}
Event: 4.626 GC heap before
{Heap before GC invocations=3 (full 0):
 PSYoungGen      total 28672K, used 27584K [0x00000000e0900000, 0x00000000e4100000, 0x0000000100000000)
  eden space 24576K, 100% used [0x00000000e0900000,0x00000000e2100000,0x00000000e2100000)
  from space 4096K, 73% used [0x00000000e2500000,0x00000000e27f0110,0x00000000e2900000)
  to   space 4096K, 0% used [0x00000000e2100000,0x00000000e2100000,0x00000000e2500000)
 ParOldGen       total 65536K, used 24K [0x00000000a1a00000, 0x00000000a5a00000, 0x00000000e0900000)
  object space 65536K, 0% used [0x00000000a1a00000,0x00000000a1a06000,0x00000000a5a00000)
 Metaspace       used 13533K, capacity 13770K, committed 14080K, reserved 1060864K
  class space    used 1698K, capacity 1772K, committed 1792K, reserved 1048576K
Event: 4.638 GC heap after
Heap after GC invocations=3 (full 0):
 PSYoungGen      total 28672K, used 4080K [0x00000000e0900000, 0x00000000e4100000, 0x0000000100000000)
  eden space 24576K, 0% used [0x00000000e0900000,0x00000000e0900000,0x00000000e2100000)
  from space 4096K, 99% used [0x00000000e2100000,0x00000000e24fc150,0x00000000e2500000)
  to   space 4096K, 0% used [0x00000000e3d00000,0x00000000e3d00000,0x00000000e4100000)
 ParOldGen       total 65536K, used 1309K [0x00000000a1a00000, 0x00000000a5a00000, 0x00000000e0900000)
  object space 65536K, 1% used [0x00000000a1a00000,0x00000000a1b474b0,0x00000000a5a00000)
 Metaspace       used 13533K, capacity 13770K, committed 14080K, reserved 1060864K
  class space    used 1698K, capacity 1772K, committed 1792K, reserved 1048576K
}
Event: 5.291 GC heap before
{Heap before GC invocations=4 (full 0):
 PSYoungGen      total 28672K, used 28656K [0x00000000e0900000, 0x00000000e4100000, 0x0000000100000000)
  eden space 24576K, 100% used [0x00000000e0900000,0x00000000e2100000,0x00000000e2100000)
  from space 4096K, 99% used [0x00000000e2100000,0x00000000e24fc150,0x00000000e2500000)
  to   space 4096K, 0% used [0x00000000e3d00000,0x00000000e3d00000,0x00000000e4100000)
 ParOldGen       total 65536K, used 1309K [0x00000000a1a00000, 0x00000000a5a00000, 0x00000000e0900000)
  object space 65536K, 1% used [0x00000000a1a00000,0x00000000a1b474b0,0x00000000a5a00000)
 Metaspace       used 16491K, capacity 16720K, committed 17024K, reserved 1064960K
  class space    used 2072K, capacity 2157K, committed 2176K, reserved 1048576K
Event: 5.321 GC heap after
Heap after GC invocations=4 (full 0):
 PSYoungGen      total 53248K, used 4079K [0x00000000e0900000, 0x00000000e4100000, 0x0000000100000000)
  eden space 49152K, 0% used [0x00000000e0900000,0x00000000e0900000,0x00000000e3900000)
  from space 4096K, 99% used [0x00000000e3d00000,0x00000000e40fbc08,0x00000000e4100000)
  to   space 4096K, 0% used [0x00000000e3900000,0x00000000e3900000,0x00000000e3d00000)
 ParOldGen       total 65536K, used 3435K [0x00000000a1a00000, 0x00000000a5a00000, 0x00000000e0900000)
  object space 65536K, 5% used [0x00000000a1a00000,0x00000000a1d5ada0,0x00000000a5a00000)
 Metaspace       used 16491K, capacity 16720K, committed 17024K, reserved 1064960K
  class space    used 2072K, capacity 2157K, committed 2176K, reserved 1048576K
}

