# JRE version: Java(TM) SE Runtime Environment (8.0_131-b11) (build 1.8.0_131-b11)
# Java VM: Java HotSpot(TM) 64-Bit Server VM (25.131-b11 mixed mode windows-amd64 compressed oops)
Heap:
 PSYoungGen      total 165376K, used 38138K [0x00000000e0900000, 0x00000000eb880000, 0x0000000100000000)
  eden space 152064K, 25% used [0x00000000e0900000,0x00000000e2e3eb98,0x00000000e9d80000)
  from space 13312K, 0% used [0x00000000eab80000,0x00000000eab80000,0x00000000eb880000)
  to   space 13824K, 0% used [0x00000000e9d80000,0x00000000e9d80000,0x00000000eab00000)
 ParOldGen       total 37888K, used 21841K [0x00000000a1a00000, 0x00000000a3f00000, 0x00000000e0900000)
  object space 37888K, 57% used [0x00000000a1a00000,0x00000000a2f54468,0x00000000a3f00000)
 Metaspace       used 39878K, capacity 40324K, committed 40744K, reserved 1085440K
  class space    used 5203K, capacity 5304K, committed 5416K, reserved 1048576K
GC Heap History (10 events):
Event: 5.143 GC heap before
{Heap before GC invocations=8 (full 1):
 PSYoungGen      total 107008K, used 3331K [0x00000000e0900000, 0x00000000e7a00000, 0x0000000100000000)
  eden space 98304K, 0% used [0x00000000e0900000,0x00000000e0900000,0x00000000e6900000)
  from space 8704K, 38% used [0x00000000e6900000,0x00000000e6c40c40,0x00000000e7180000)
  to   space 8704K, 0% used [0x00000000e7180000,0x00000000e7180000,0x00000000e7a00000)
 ParOldGen       total 65536K, used 8699K [0x00000000a1a00000, 0x00000000a5a00000, 0x00000000e0900000)
  object space 65536K, 13% used [0x00000000a1a00000,0x00000000a227ecc8,0x00000000a5a00000)
 Metaspace       used 20907K, capacity 21196K, committed 21296K, reserved 1069056K
  class space    used 2581K, capacity 2684K, committed 2688K, reserved 1048576K
Event: 5.191 GC heap after
Heap after GC invocations=8 (full 1):
 PSYoungGen      total 107008K, used 0K [0x00000000e0900000, 0x00000000e7a00000, 0x0000000100000000)
  eden space 98304K, 0% used [0x00000000e0900000,0x00000000e0900000,0x00000000e6900000)
  from space 8704K, 0% used [0x00000000e6900000,0x00000000e6900000,0x00000000e7180000)
  to   space 8704K, 0% used [0x00000000e7180000,0x00000000e7180000,0x00000000e7a00000)
 ParOldGen       total 37888K, used 7820K [0x00000000a1a00000, 0x00000000a3f00000, 0x00000000e0900000)
  object space 37888K, 20% used [0x00000000a1a00000,0x00000000a21a3340,0x00000000a3f00000)
 Metaspace       used 20907K, capacity 21196K, committed 21296K, reserved 1069056K
  class space    used 2581K, capacity 2684K, committed 2688K, reserved 1048576K
}
Event: 6.861 GC heap before
{Heap before GC invocations=9 (full 1):
 PSYoungGen      total 107008K, used 98304K [0x00000000e0900000, 0x00000000e7a00000, 0x0000000100000000)
  eden space 98304K, 100% used [0x00000000e0900000,0x00000000e6900000,0x00000000e6900000)
  from space 8704K, 0% used [0x00000000e6900000,0x00000000e6900000,0x00000000e7180000)
  to   space 8704K, 0% used [0x00000000e7180000,0x00000000e7180000,0x00000000e7a00000)
 ParOldGen       total 37888K, used 7820K [0x00000000a1a00000, 0x00000000a3f00000, 0x00000000e0900000)
  object space 37888K, 20% used [0x00000000a1a00000,0x00000000a21a3340,0x00000000a3f00000)
 Metaspace       used 26778K, capacity 27186K, committed 27392K, reserved 1073152K
  class space    used 3380K, capacity 3470K, committed 3584K, reserved 1048576K
Event: 6.872 GC heap after
Heap after GC invocations=9 (full 1):
 PSYoungGen      total 107008K, used 8678K [0x00000000e0900000, 0x00000000e7a00000, 0x0000000100000000)
  eden space 98304K, 0% used [0x00000000e0900000,0x00000000e0900000,0x00000000e6900000)
  from space 8704K, 99% used [0x00000000e7180000,0x00000000e79f9810,0x00000000e7a00000)
  to   space 8704K, 0% used [0x00000000e6900000,0x00000000e6900000,0x00000000e7180000)
 ParOldGen       total 37888K, used 10309K [0x00000000a1a00000, 0x00000000a3f00000, 0x00000000e0900000)
  object space 37888K, 27% used [0x00000000a1a00000,0x00000000a2411490,0x00000000a3f00000)
 Metaspace       used 26778K, capacity 27186K, committed 27392K, reserved 1073152K
  class space    used 3380K, capacity 3470K, committed 3584K, reserved 1048576K
}
Event: 7.768 GC heap before
{Heap before GC invocations=10 (full 1):
 PSYoungGen      total 107008K, used 106982K [0x00000000e0900000, 0x00000000e7a00000, 0x0000000100000000)
  eden space 98304K, 100% used [0x00000000e0900000,0x00000000e6900000,0x00000000e6900000)
  from space 8704K, 99% used [0x00000000e7180000,0x00000000e79f9810,0x00000000e7a00000)
  to   space 8704K, 0% used [0x00000000e6900000,0x00000000e6900000,0x00000000e7180000)
 ParOldGen       total 37888K, used 10309K [0x00000000a1a00000, 0x00000000a3f00000, 0x00000000e0900000)
  object space 37888K, 27% used [0x00000000a1a00000,0x00000000a2411490,0x00000000a3f00000)
 Metaspace       used 29469K, capacity 29912K, committed 30208K, reserved 1075200K
  class space    used 3713K, capacity 3823K, committed 3840K, reserved 1048576K
Event: 7.782 GC heap after
Heap after GC invocations=10 (full 1):
 PSYoungGen      total 107008K, used 8691K [0x00000000e0900000, 0x00000000eb880000, 0x0000000100000000)
  eden space 98304K, 0% used [0x00000000e0900000,0x00000000e0900000,0x00000000e6900000)
  from space 8704K, 99% used [0x00000000e6900000,0x00000000e717cd20,0x00000000e7180000)
  to   space 13312K, 0% used [0x00000000eab80000,0x00000000eab80000,0x00000000eb880000)
 ParOldGen       total 37888K, used 14837K [0x00000000a1a00000, 0x00000000a3f00000, 0x00000000e0900000)
  object space 37888K, 39% used [0x00000000a1a00000,0x00000000a287d738,0x00000000a3f00000)
 Metaspace       used 29469K, capacity 29912K, committed 30208K, reserved 1075200K
  class space    used 3713K, capacity 3823K, committed 3840K, reserved 1048576K
}
Event: 8.766 GC heap before
{Heap before GC invocations=11 (full 1):
 PSYoungGen      total 107008K, used 72018K [0x00000000e0900000, 0x00000000eb880000, 0x0000000100000000)
  eden space 98304K, 64% used [0x00000000e0900000,0x00000000e46d7b98,0x00000000e6900000)
  from space 8704K, 99% used [0x00000000e6900000,0x00000000e717cd20,0x00000000e7180000)
  to   space 13312K, 0% used [0x00000000eab80000,0x00000000eab80000,0x00000000eb880000)
 ParOldGen       total 37888K, used 14837K [0x00000000a1a00000, 0x00000000a3f00000, 0x00000000e0900000)
  object space 37888K, 39% used [0x00000000a1a00000,0x00000000a287d738,0x00000000a3f00000)
 Metaspace       used 34839K, capacity 35234K, committed 35496K, reserved 1081344K
  class space    used 4422K, capacity 4502K, committed 4520K, reserved 1048576K
Event: 8.783 GC heap after
Heap after GC invocations=11 (full 1):
 PSYoungGen      total 165376K, used 9895K [0x00000000e0900000, 0x00000000eb880000, 0x0000000100000000)
  eden space 152064K, 0% used [0x00000000e0900000,0x00000000e0900000,0x00000000e9d80000)
  from space 13312K, 74% used [0x00000000eab80000,0x00000000eb529f08,0x00000000eb880000)
  to   space 13824K, 0% used [0x00000000e9d80000,0x00000000e9d80000,0x00000000eab00000)
 ParOldGen       total 37888K, used 20274K [0x00000000a1a00000, 0x00000000a3f00000, 0x00000000e0900000)
  object space 37888K, 53% used [0x00000000a1a00000,0x00000000a2dccb70,0x00000000a3f00000)
 Metaspace       used 34839K, capacity 35234K, committed 35496K, reserved 1081344K
  class space    used 4422K, capacity 4502K, committed 4520K, reserved 1048576K
}
Event: 8.783 GC heap before
{Heap before GC invocations=12 (full 2):
 PSYoungGen      total 165376K, used 9895K [0x00000000e0900000, 0x00000000eb880000, 0x0000000100000000)
  eden space 152064K, 0% used [0x00000000e0900000,0x00000000e0900000,0x00000000e9d80000)
  from space 13312K, 74% used [0x00000000eab80000,0x00000000eb529f08,0x00000000eb880000)
  to   space 13824K, 0% used [0x00000000e9d80000,0x00000000e9d80000,0x00000000eab00000)
 ParOldGen       total 37888K, used 20274K [0x00000000a1a00000, 0x00000000a3f00000, 0x00000000e0900000)
  object space 37888K, 53% used [0x00000000a1a00000,0x00000000a2dccb70,0x00000000a3f00000)
 Metaspace       used 34839K, capacity 35234K, committed 35496K, reserved 1081344K
  class space    used 4422K, capacity 4502K, committed 4520K, reserved 1048576K
Event: 8.898 GC heap after
Heap after GC invocations=12 (full 2):
 PSYoungGen      total 165376K, used 0K [0x00000000e0900000, 0x00000000eb880000, 0x0000000100000000)
  eden space 152064K, 0% used [0x00000000e0900000,0x00000000e0900000,0x00000000e9d80000)
  from space 13312K, 0% used [0x00000000eab80000,0x00000000eab80000,0x00000000eb880000)
  to   space 13824K, 0% used [0x00000000e9d80000,0x00000000e9d80000,0x00000000eab00000)
 ParOldGen       total 37888K, used 21841K [0x00000000a1a00000, 0x00000000a3f00000, 0x00000000e0900000)
  object space 37888K, 57% used [0x00000000a1a00000,0x00000000a2f54468,0x00000000a3f00000)
 Metaspace       used 34839K, capacity 35234K, committed 35496K, reserved 1081344K
  class space    used 4422K, capacity 4502K, committed 4520K, reserved 1048576K
}

